[INFO][request.go:12]2022/12/31 19:30:50 [TagID.Required Can not be empty]
[INFO][request.go:12]2022/12/31 19:30:50 [TagID.Min Minimum is 1]
[INFO][request.go:12]2022/12/31 19:30:50 [CreatedBy.Required Can not be empty]
[INFO][request.go:12]2022/12/31 19:30:50 [CoverImageUrl.Required Can not be empty]
[INFO][request.go:12]2022/12/31 19:30:59 [TagID.Required Can not be empty]
[INFO][request.go:12]2022/12/31 19:30:59 [TagID.Min Minimum is 1]
[INFO][request.go:12]2022/12/31 19:30:59 [CreatedBy.Required Can not be empty]
[INFO][request.go:12]2022/12/31 19:30:59 [CoverImageUrl.Required Can not be empty]
[INFO][request.go:12]2022/12/31 19:31:21 [TagID.Required Can not be empty]
[INFO][request.go:12]2022/12/31 19:31:21 [TagID.Min Minimum is 1]
[INFO][request.go:12]2022/12/31 19:31:21 [CreatedBy.Required Can not be empty]
[INFO][request.go:12]2022/12/31 19:31:21 [CoverImageUrl.Required Can not be empty]
[INFO][request.go:12]2022/12/31 19:31:34 [TagID.Required Can not be empty]
[INFO][request.go:12]2022/12/31 19:31:34 [TagID.Min Minimum is 1]
[INFO][request.go:12]2022/12/31 19:31:34 [CreatedBy.Required Can not be empty]
[INFO][request.go:12]2022/12/31 19:31:34 [CoverImageUrl.Required Can not be empty]
[INFO][request.go:12]2022/12/31 19:31:39 [TagID.Required Can not be empty]
[INFO][request.go:12]2022/12/31 19:31:39 [TagID.Min Minimum is 1]
[INFO][request.go:12]2022/12/31 19:31:39 [CreatedBy.Required Can not be empty]
[INFO][request.go:12]2022/12/31 19:31:39 [CoverImageUrl.Required Can not be empty]
[INFO][request.go:12]2022/12/31 19:37:18 [TagID.Required Can not be empty]
[INFO][request.go:12]2022/12/31 19:37:18 [TagID.Min Minimum is 1]
[INFO][request.go:12]2022/12/31 19:37:18 [CreatedBy.Required Can not be empty]
[INFO][request.go:12]2022/12/31 19:37:18 [CoverImageUrl.Required Can not be empty]
[INFO][article.go:66]2022/12/31 20:35:04 [redis: nil]
[INFO][article.go:66]2022/12/31 20:35:36 [redis: nil]
[INFO][article.go:65]2022/12/31 20:40:56 [redis: nil]
[INFO][article.go:65]2022/12/31 20:46:21 [redis: nil]
[INFO][article.go:65]2022/12/31 20:50:39 [redis: nil]
[INFO][article.go:65]2022/12/31 20:52:22 [redis: nil]
[INFO][article.go:65]2022/12/31 20:53:53 [redis: nil]
[INFO][article.go:65]2022/12/31 20:56:17 [redis: nil]
